<?xml version="1.0" encoding="UTF-8"?>
<testsuite xmlns:xsi="http://www.w3.org/2001/XMLSchema-instance" xsi:noNamespaceSchemaLocation="https://maven.apache.org/surefire/maven-surefire-plugin/xsd/surefire-test-report-3.0.xsd" version="3.0" name="test.java.models.CheckingAccountWithdrawTest" time="0.049" tests="6" errors="0" skipped="0" failures="0">
  <properties>
[...]
</properties>
  <testcase name="withdrawBeyondOverdraftLimitThrowsException" classname="test.java.models.CheckingAccountWithdrawTest" time="0.024"/>
  <testcase name="withdrawExactOverdraftLimitLeavesNegativeLimit" classname="test.java.models.CheckingAccountWithdrawTest" time="0.002"/>
  <testcase name="withdrawRejectsNonPositiveAmount" classname="test.java.models.CheckingAccountWithdrawTest" time="0.002"/>
  <testcase name="withdrawWithinOverdraftLimitSucceeds" classname="test.java.models.CheckingAccountWithdrawTest" time="0.0"/>
  <testcase name="withdrawExactBalanceLeavesZero" classname="test.java.models.CheckingAccountWithdrawTest" time="0.001"/>
  <testcase name="withdrawWithinBalanceSucceeds" classname="test.java.models.CheckingAccountWithdrawTest" time="0.001"/>
</testsuite>